<?xml version="1.0" encoding="UTF-8"?>
<!-- Generated by org.testng.reporters.JUnitXMLReporter -->
<testsuite ignored="0" hostname="LAPTOP-NK2H03CC" failures="0" tests="4" name="Test" time="159.396" errors="0" timestamp="2023-12-07T13:02:29 IST">
  <testcase classname="com.pack.LoginTests" name="LoginButton" time="0.082"/>
  <testcase classname="com.pack.LoginTests" name="ErrorMessage" time="0.099"/>
  <testcase classname="com.pack.HomeTest" name="Filterbutton" time="11.315"/>
  <testcase classname="com.pack.HomeTest" name="Createproject" time="11.517"/>
</testsuite> <!-- Test -->
