<?xml version="1.0" encoding="UTF-8"?>
<testng-results ignored="0" total="1" passed="1" failed="0" skipped="0">
  <reporter-output>
  </reporter-output>
  <suite started-at="2023-12-15T12:22:26 IST" name="Default suite" finished-at="2023-12-15T12:22:45 IST" duration-ms="18391">
    <groups>
    </groups>
    <test started-at="2023-12-15T12:22:26 IST" name="Default test" finished-at="2023-12-15T12:22:45 IST" duration-ms="18391">
      <class name="com.pack.HomeTest">
        <test-method is-config="true" signature="setUp()[pri:0, instance:com.pack.HomeTest@18078bef]" started-at="2023-12-15T12:22:26 IST" name="setUp" finished-at="2023-12-15T12:22:33 IST" duration-ms="6896" status="PASS">
          <reporter-output>
          </reporter-output>
        </test-method> <!-- setUp -->
        <test-method signature="Filterbutton()[pri:0, instance:com.pack.HomeTest@18078bef]" started-at="2023-12-15T12:22:33 IST" name="Filterbutton" finished-at="2023-12-15T12:22:44 IST" duration-ms="11356" status="PASS">
          <reporter-output>
          </reporter-output>
        </test-method> <!-- Filterbutton -->
        <test-method is-config="true" signature="tearDown()[pri:0, instance:com.pack.HomeTest@18078bef]" started-at="2023-12-15T12:22:44 IST" name="tearDown" finished-at="2023-12-15T12:22:45 IST" duration-ms="96" status="PASS">
          <reporter-output>
          </reporter-output>
        </test-method> <!-- tearDown -->
      </class> <!-- com.pack.HomeTest -->
    </test> <!-- Default test -->
  </suite> <!-- Default suite -->
</testng-results>
